[ACCESS] 2025/12/09 01:34:12 ::1 DELETE 404 /api/pages/1 3.722041ms
[ACCESS] 2025/12/09 01:34:34 ::1 GET 404 /api/unknown 137.375µs
[ACCESS] 2025/12/09 01:34:45 ::1 PUT 400 /api/pages/999 429.833µs
[ACCESS] 2025/12/14 11:43:55 ::1 OPTIONS 404 /api/pages 638.334µs
[ACCESS] 2025/12/14 11:51:26 ::1 GET 200 /api/pages 4.95475ms
[ACCESS] 2025/12/14 11:51:26 ::1 GET 200 /api/pages 447.959µs
[ACCESS] 2025/12/14 11:51:46 ::1 POST 201 /api/pages 6.258584ms
[ACCESS] 2025/12/14 11:52:21 ::1 GET 200 /api/pages 3.29225ms
[ACCESS] 2025/12/14 11:52:21 ::1 GET 200 /api/pages 1.394875ms
[ACCESS] 2025/12/14 11:59:06 ::1 GET 200 /api/pages 2.425083ms
[ACCESS] 2025/12/14 11:59:06 ::1 GET 200 /api/pages 785.292µs
[ACCESS] 2025/12/14 12:02:11 ::1 GET 200 /api/pages 2.146125ms
[ACCESS] 2025/12/14 12:02:11 ::1 GET 200 /api/pages 1.164083ms
[ACCESS] 2025/12/14 12:11:23 ::1 GET 200 /api/pages 1.589583ms
[ACCESS] 2025/12/14 12:11:23 ::1 GET 200 /api/pages 442.458µs
[ACCESS] 2025/12/14 12:11:26 ::1 GET 200 /api/pages 1.486208ms
[ACCESS] 2025/12/14 12:11:26 ::1 GET 200 /api/pages 1.400333ms
[ACCESS] 2025/12/14 12:12:53 ::1 GET 200 /api/pages 1.144375ms
[ACCESS] 2025/12/14 12:12:53 ::1 GET 200 /api/pages 440.75µs
[ACCESS] 2025/12/14 12:15:07 ::1 GET 200 /api/pages 1.426042ms
[ACCESS] 2025/12/14 12:15:07 ::1 GET 200 /api/pages 642.833µs
[ACCESS] 2025/12/14 12:16:38 ::1 GET 200 /api/pages 895.709µs
[ACCESS] 2025/12/14 12:16:38 ::1 GET 200 /api/pages 377.083µs
[ACCESS] 2025/12/14 12:21:36 ::1 GET 200 /api/pages 4.108125ms
[ACCESS] 2025/12/14 12:21:36 ::1 GET 200 /api/pages 1.587334ms
[ACCESS] 2025/12/14 12:31:02 ::1 GET 200 /api/pages 1.869583ms
[ACCESS] 2025/12/14 12:31:02 ::1 GET 200 /api/pages 537.916µs
[ACCESS] 2025/12/14 12:31:42 ::1 GET 200 /api/pages/00-dummy 5.575208ms
[ACCESS] 2025/12/14 12:31:42 ::1 GET 200 /api/pages/00-dummy 1.025916ms
[ACCESS] 2025/12/14 12:31:54 ::1 GET 200 /api/pages 1.524791ms
[ACCESS] 2025/12/14 12:31:54 ::1 GET 200 /api/pages 1.157584ms
[ACCESS] 2025/12/14 12:32:01 ::1 GET 200 /api/pages/00-dummy 2.720292ms
[ACCESS] 2025/12/14 12:32:01 ::1 GET 200 /api/pages/00-dummy 2.367208ms
[ACCESS] 2025/12/14 12:34:08 ::1 GET 200 /api/pages/00-dummy 2.038625ms
[ACCESS] 2025/12/14 12:34:08 ::1 GET 200 /api/pages/00-dummy 733.5µs
[ACCESS] 2025/12/14 12:36:50 ::1 GET 200 /api/pages/00-dummy 1.820666ms
[ACCESS] 2025/12/14 12:36:50 ::1 GET 200 /api/pages/00-dummy 647.75µs
[ACCESS] 2025/12/14 12:39:05 ::1 GET 200 /api/pages 1.620542ms
[ACCESS] 2025/12/14 12:39:05 ::1 GET 200 /api/pages 682.542µs
[ACCESS] 2025/12/14 12:39:08 ::1 GET 200 /api/pages/00-dummy 2.900583ms
[ACCESS] 2025/12/14 12:39:08 ::1 GET 200 /api/pages/00-dummy 2.874167ms
[ACCESS] 2025/12/14 12:39:20 ::1 GET 200 /api/pages 1.630584ms
[ACCESS] 2025/12/14 12:39:20 ::1 GET 200 /api/pages 1.41325ms
[ACCESS] 2025/12/14 12:39:21 ::1 GET 200 /api/pages 695.542µs
[ACCESS] 2025/12/14 12:39:21 ::1 GET 200 /api/pages 742.542µs
[ACCESS] 2025/12/14 12:39:59 ::1 GET 200 /api/pages/00-dummy 1.315875ms
[ACCESS] 2025/12/14 12:39:59 ::1 GET 200 /api/pages/00-dummy 1.03825ms
[ACCESS] 2025/12/14 12:42:38 ::1 GET 200 /api/pages/00-dummy 2.011416ms
[ACCESS] 2025/12/14 12:42:38 ::1 GET 200 /api/pages/00-dummy 727.125µs
[ACCESS] 2025/12/14 12:42:41 ::1 GET 200 /api/pages/00-dummy 650.667µs
[ACCESS] 2025/12/14 12:42:41 ::1 GET 200 /api/pages/00-dummy 430.541µs
[ACCESS] 2025/12/14 12:42:45 ::1 GET 200 /api/pages 740.125µs
[ACCESS] 2025/12/14 12:42:45 ::1 GET 200 /api/pages 344.834µs
[ACCESS] 2025/12/14 12:42:47 ::1 GET 200 /api/pages/00-dummy 1.622541ms
[ACCESS] 2025/12/14 12:42:47 ::1 GET 200 /api/pages/00-dummy 1.474084ms
[ACCESS] 2025/12/14 12:45:10 ::1 GET 200 /api/pages/00-dummy 3.138875ms
[ACCESS] 2025/12/14 12:45:10 ::1 GET 200 /api/pages/00-dummy 3.566583ms
[ACCESS] 2025/12/14 12:45:31 ::1 GET 200 /api/pages/00-dummy 1.138209ms
[ACCESS] 2025/12/14 12:45:31 ::1 GET 200 /api/pages/00-dummy 731µs
[ACCESS] 2025/12/14 12:45:55 ::1 GET 200 /api/pages/00-dummy 1.301417ms
[ACCESS] 2025/12/14 12:45:55 ::1 GET 200 /api/pages/00-dummy 520.375µs
[ACCESS] 2025/12/14 12:45:57 ::1 GET 200 /api/pages 692.084µs
[ACCESS] 2025/12/14 12:45:57 ::1 GET 200 /api/pages 432.042µs
[ACCESS] 2025/12/14 12:45:58 ::1 GET 200 /api/pages/00-dummy 1.829333ms
[ACCESS] 2025/12/14 12:45:58 ::1 GET 200 /api/pages/00-dummy 1.234667ms
[ACCESS] 2025/12/14 12:46:54 ::1 GET 200 /api/pages/00-dummy 1.389292ms
[ACCESS] 2025/12/14 12:46:54 ::1 GET 200 /api/pages/00-dummy 1.0785ms
[ACCESS] 2025/12/14 12:46:54 ::1 GET 200 /api/pages/00-dummy 662.625µs
[ACCESS] 2025/12/14 12:46:54 ::1 GET 200 /api/pages/00-dummy 680.917µs
[ACCESS] 2025/12/14 12:47:25 ::1 GET 200 /api/pages/00-dummy 1.483625ms
[ACCESS] 2025/12/14 12:47:25 ::1 GET 200 /api/pages/00-dummy 921.917µs
[ACCESS] 2025/12/14 12:48:33 ::1 GET 200 /api/pages/00-dummy 2.529541ms
[ACCESS] 2025/12/14 12:48:33 ::1 GET 200 /api/pages/00-dummy 712.541µs
[ACCESS] 2025/12/14 12:48:46 ::1 GET 200 /api/pages/00-dummy 1.083834ms
[ACCESS] 2025/12/14 12:48:46 ::1 GET 200 /api/pages/00-dummy 776.833µs
[ACCESS] 2025/12/14 12:49:14 ::1 GET 200 /api/pages/00-dummy 1.056709ms
[ACCESS] 2025/12/14 12:49:14 ::1 GET 200 /api/pages/00-dummy 718.208µs
[ACCESS] 2025/12/14 12:49:17 ::1 GET 200 /api/pages 854.083µs
[ACCESS] 2025/12/14 12:49:17 ::1 GET 200 /api/pages 452.708µs
[ACCESS] 2025/12/14 12:49:19 ::1 GET 200 /api/pages/00-dummy 1.788916ms
[ACCESS] 2025/12/14 12:49:19 ::1 GET 200 /api/pages/00-dummy 2.351375ms
[ACCESS] 2025/12/14 12:53:50 ::1 GET 200 /api/pages/00-dummy 2.768667ms
[ACCESS] 2025/12/14 12:53:50 ::1 GET 200 /api/pages/00-dummy 1.206792ms
[ACCESS] 2025/12/14 13:01:49 ::1 GET 200 /api/pages/00-dummy 1.519208ms
[ACCESS] 2025/12/14 13:01:49 ::1 GET 200 /api/pages/00-dummy 598.084µs
[ACCESS] 2025/12/14 13:19:29 ::1 GET 200 /api/pages 3.036875ms
[ACCESS] 2025/12/14 13:19:29 ::1 GET 200 /api/pages 1.228583ms
[ACCESS] 2025/12/14 13:19:30 ::1 GET 200 /api/pages/00-dummy 2.662375ms
[ACCESS] 2025/12/14 13:19:30 ::1 GET 200 /api/pages/00-dummy 2.062291ms
[ACCESS] 2025/12/14 13:19:37 ::1 GET 200 /api/pages 1.689334ms
[ACCESS] 2025/12/14 13:19:37 ::1 GET 200 /api/pages 1.487334ms
[ACCESS] 2025/12/14 13:29:52 ::1 GET 200 /api/pages/00-dummy 2.834042ms
[ACCESS] 2025/12/14 13:29:52 ::1 GET 200 /api/pages/00-dummy 1.241458ms
[ACCESS] 2025/12/14 13:29:54 ::1 GET 200 /api/pages 865.041µs
[ACCESS] 2025/12/14 13:29:54 ::1 GET 200 /api/pages 406.292µs
[ACCESS] 2025/12/14 13:30:20 ::1 POST 201 /api/pages 5.5125ms
[ACCESS] 2025/12/14 13:30:20 ::1 GET 200 /api/pages/01-dummy 828.125µs
[ACCESS] 2025/12/14 13:30:20 ::1 GET 200 /api/pages/01-dummy 590.416µs
[ACCESS] 2025/12/14 13:30:23 ::1 GET 200 /api/pages 712.834µs
[ACCESS] 2025/12/14 13:30:23 ::1 GET 200 /api/pages 434.708µs
[ACCESS] 2025/12/14 13:38:38 ::1 GET 200 /api/pages 1.492833ms
[ACCESS] 2025/12/14 13:38:38 ::1 GET 200 /api/pages 909.959µs
[ACCESS] 2025/12/14 13:44:40 ::1 GET 200 /api/pages 2.421125ms
[ACCESS] 2025/12/14 13:45:19 ::1 GET 200 /api/pages/01-dummy 2.450583ms
[ACCESS] 2025/12/14 13:45:19 ::1 GET 200 /api/pages/01-dummy 1.247833ms
[ACCESS] 2025/12/14 13:48:02 ::1 GET 200 /api/pages 3.006417ms
[ACCESS] 2025/12/14 13:48:02 ::1 GET 200 /api/pages 887.375µs
[ACCESS] 2025/12/14 14:19:36 ::1 GET 200 /api/pages 2.147708ms
[ACCESS] 2025/12/14 14:19:36 ::1 GET 200 /api/pages 1.563708ms
[ACCESS] 2025/12/14 14:19:41 ::1 GET 200 /api/pages 1.600916ms
[ACCESS] 2025/12/14 14:19:41 ::1 GET 200 /api/pages 1.242583ms
[ACCESS] 2025/12/14 14:19:42 ::1 GET 200 /api/pages/00-dummy 1.901166ms
[ACCESS] 2025/12/14 14:19:42 ::1 GET 200 /api/pages/00-dummy 1.940208ms
[ACCESS] 2025/12/14 14:19:45 ::1 GET 200 /api/pages 1.837333ms
[ACCESS] 2025/12/14 14:19:45 ::1 GET 200 /api/pages 1.1345ms
[ACCESS] 2025/12/14 14:23:19 ::1 GET 200 /api/pages/00-dummy 3.477042ms
[ACCESS] 2025/12/14 14:23:19 ::1 GET 200 /api/pages/00-dummy 1.122459ms
[ACCESS] 2025/12/14 14:23:24 ::1 GET 200 /api/pages 1.422ms
[ACCESS] 2025/12/14 14:23:24 ::1 GET 200 /api/pages 1.008375ms
[ACCESS] 2025/12/14 14:24:24 ::1 POST 201 /api/pages 5.419458ms
[ACCESS] 2025/12/14 14:24:24 ::1 GET 200 /api/pages/02-dummy 2.4935ms
[ACCESS] 2025/12/14 14:24:24 ::1 GET 200 /api/pages/02-dummy 562.125µs
[ACCESS] 2025/12/14 14:24:30 ::1 GET 200 /api/pages 1.794083ms
[ACCESS] 2025/12/14 14:24:30 ::1 GET 200 /api/pages 1.803167ms
[ACCESS] 2025/12/14 14:24:34 ::1 GET 200 /api/pages/01-dummy 1.622125ms
[ACCESS] 2025/12/14 14:24:34 ::1 GET 200 /api/pages/01-dummy 1.242834ms
[ACCESS] 2025/12/14 14:24:36 ::1 DELETE 200 /api/pages/3 5.274709ms
[ACCESS] 2025/12/14 14:24:36 ::1 GET 200 /api/pages 1.462666ms
[ACCESS] 2025/12/14 14:24:36 ::1 GET 200 /api/pages 1.516541ms
[ACCESS] 2025/12/14 14:24:56 ::1 GET 200 /api/pages/02-dummy 946.208µs
[ACCESS] 2025/12/14 14:24:56 ::1 GET 200 /api/pages/02-dummy 914.208µs
[ACCESS] 2025/12/14 14:28:32 ::1 GET 200 /api/pages/02-dummy 3.294875ms
[ACCESS] 2025/12/14 14:28:32 ::1 GET 200 /api/pages/02-dummy 1.110792ms
[ACCESS] 2025/12/14 14:37:57 ::1 GET 200 /api/pages/02-dummy 2.370167ms
[ACCESS] 2025/12/14 14:38:11 ::1 GET 200 /api/pages 1.530916ms
[ACCESS] 2025/12/14 14:38:11 ::1 GET 200 /api/pages 997.333µs
[ACCESS] 2025/12/14 14:38:14 ::1 GET 200 /api/pages/00-dummy 2.108209ms
[ACCESS] 2025/12/14 14:38:14 ::1 GET 200 /api/pages/00-dummy 1.829125ms
[ACCESS] 2025/12/14 14:38:18 ::1 GET 200 /api/pages/00-dummy 3.982125ms
[ACCESS] 2025/12/14 14:38:18 ::1 GET 200 /api/pages/00-dummy 1.323375ms
[ACCESS] 2025/12/14 14:38:19 ::1 GET 200 /api/pages 1.778792ms
[ACCESS] 2025/12/14 14:38:19 ::1 GET 200 /api/pages 1.832834ms
[ACCESS] 2025/12/14 14:38:20 ::1 GET 200 /api/pages/02-dummy 1.502041ms
[ACCESS] 2025/12/14 14:38:20 ::1 GET 200 /api/pages/02-dummy 1.03975ms
[ACCESS] 2025/12/14 14:38:23 ::1 GET 200 /api/pages/02-dummy 1.175167ms
[ACCESS] 2025/12/14 14:38:23 ::1 GET 200 /api/pages/02-dummy 1.2365ms
[ACCESS] 2025/12/14 14:42:45 ::1 GET 200 /api/pages 1.546833ms
[ACCESS] 2025/12/14 14:42:45 ::1 GET 200 /api/pages 571.333µs
[ACCESS] 2025/12/14 14:42:49 ::1 GET 200 /api/pages/02-dummy 1.220458ms
[ACCESS] 2025/12/14 14:42:49 ::1 GET 200 /api/pages/02-dummy 437.375µs
[ACCESS] 2025/12/14 14:42:51 ::1 GET 404 /api/pages/4 1.832083ms
[ACCESS] 2025/12/14 14:42:51 ::1 GET 404 /api/pages/4 1.004333ms
[ACCESS] 2025/12/14 14:42:54 ::1 GET 200 /api/pages 1.50925ms
[ACCESS] 2025/12/14 14:42:54 ::1 GET 200 /api/pages 1.427417ms
[ACCESS] 2025/12/14 14:42:55 ::1 GET 200 /api/pages/00-dummy 641.292µs
[ACCESS] 2025/12/14 14:42:55 ::1 GET 200 /api/pages/00-dummy 383.375µs
[ACCESS] 2025/12/14 14:42:57 ::1 GET 404 /api/pages/2 1.318083ms
[ACCESS] 2025/12/14 14:42:57 ::1 GET 404 /api/pages/2 1.211458ms
[ACCESS] 2025/12/14 14:42:59 ::1 GET 200 /api/pages 1.493417ms
[ACCESS] 2025/12/14 14:42:59 ::1 GET 200 /api/pages 1.409541ms
[ACCESS] 2025/12/14 14:43:23 ::1 GET 200 /api/pages/00-dummy 1.919875ms
[ACCESS] 2025/12/14 14:43:23 ::1 GET 200 /api/pages/00-dummy 1.686583ms
[ACCESS] 2025/12/14 14:43:24 ::1 GET 404 /api/pages/2 2.694333ms
[ACCESS] 2025/12/14 14:43:24 ::1 GET 404 /api/pages/2 1.432667ms
[ACCESS] 2025/12/14 14:43:32 ::1 GET 200 /api/pages 1.485208ms
[ACCESS] 2025/12/14 14:43:32 ::1 GET 200 /api/pages 996.958µs
[ACCESS] 2025/12/14 14:46:48 ::1 GET 200 /api/pages/00-dummy 2.741959ms
[ACCESS] 2025/12/14 14:46:48 ::1 GET 200 /api/pages/00-dummy 835.416µs
[ACCESS] 2025/12/14 14:47:05 ::1 GET 200 /api/pages 2.214125ms
[ACCESS] 2025/12/14 14:47:05 ::1 GET 200 /api/pages 1.105208ms
[ACCESS] 2025/12/14 14:47:06 ::1 GET 200 /api/pages/00-dummy 1.485084ms
[ACCESS] 2025/12/14 14:47:06 ::1 GET 200 /api/pages/00-dummy 1.622833ms
[ACCESS] 2025/12/14 14:51:49 ::1 GET 200 /api/pages/00-dummy 3.112125ms
[ACCESS] 2025/12/14 14:51:49 ::1 GET 200 /api/pages/00-dummy 527.417µs
[ACCESS] 2025/12/14 14:52:56 ::1 GET 200 /api/pages/00-dummy 830.292µs
[ACCESS] 2025/12/14 14:52:56 ::1 GET 200 /api/pages/00-dummy 530.541µs
[ACCESS] 2025/12/14 14:52:57 ::1 GET 200 /api/pages/00-dummy 2.367875ms
[ACCESS] 2025/12/14 14:52:57 ::1 GET 200 /api/pages/00-dummy 854.667µs
[ACCESS] 2025/12/14 14:52:58 ::1 GET 200 /api/pages/00-dummy 1.392791ms
[ACCESS] 2025/12/14 14:52:58 ::1 GET 200 /api/pages/00-dummy 1.05725ms
[ACCESS] 2025/12/14 14:54:34 ::1 GET 200 /api/pages 2.872042ms
[ACCESS] 2025/12/14 14:54:34 ::1 GET 200 /api/pages 864.416µs
[ACCESS] 2025/12/14 14:59:33 ::1 GET 200 /api/pages 4.283958ms
[ACCESS] 2025/12/14 14:59:33 ::1 GET 200 /api/pages 1.636292ms
[ACCESS] 2025/12/14 14:59:34 ::1 GET 200 /api/pages/00-dummy 2.248459ms
[ACCESS] 2025/12/14 14:59:34 ::1 GET 200 /api/pages/00-dummy 1.480084ms
[ACCESS] 2025/12/14 14:59:35 ::1 GET 200 /api/pages/00-dummy 2.239917ms
[ACCESS] 2025/12/14 14:59:35 ::1 GET 200 /api/pages/00-dummy 852.417µs
[ACCESS] 2025/12/14 14:59:45 ::1 GET 200 /api/pages 996.208µs
[ACCESS] 2025/12/14 14:59:45 ::1 GET 200 /api/pages 987.667µs
[ACCESS] 2025/12/14 14:59:46 ::1 GET 200 /api/pages/00-dummy 1.084084ms
[ACCESS] 2025/12/14 14:59:46 ::1 GET 200 /api/pages/00-dummy 2.1495ms
[ACCESS] 2025/12/14 14:59:48 ::1 GET 200 /api/pages 1.069ms
[ACCESS] 2025/12/14 14:59:48 ::1 GET 200 /api/pages 470.958µs
[ACCESS] 2025/12/14 15:01:40 ::1 GET 200 /api/pages 2.043291ms
[ACCESS] 2025/12/14 15:01:40 ::1 GET 200 /api/pages 886µs
[ACCESS] 2025/12/14 15:04:49 ::1 GET 200 /api/pages/00-dummy 3.060917ms
[ACCESS] 2025/12/14 15:04:49 ::1 GET 200 /api/pages/00-dummy 1.066ms
[ACCESS] 2025/12/14 15:04:49 ::1 GET 200 /api/pages/00-dummy 1.457542ms
[ACCESS] 2025/12/14 15:04:49 ::1 GET 200 /api/pages/00-dummy 1.672084ms
[ACCESS] 2025/12/14 15:05:40 ::1 GET 200 /api/pages 2.336709ms
[ACCESS] 2025/12/14 15:05:40 ::1 GET 200 /api/pages 921.708µs
[ACCESS] 2025/12/14 15:05:42 ::1 GET 200 /api/pages/00-dummy 1.398917ms
[ACCESS] 2025/12/14 15:05:42 ::1 GET 200 /api/pages/00-dummy 820.917µs
[ACCESS] 2025/12/14 15:05:44 ::1 GET 200 /api/pages 1.256542ms
[ACCESS] 2025/12/14 15:05:44 ::1 GET 200 /api/pages 1.424333ms
[ACCESS] 2025/12/14 15:07:58 ::1 GET 200 /api/pages 2.415541ms
[ACCESS] 2025/12/14 15:07:58 ::1 GET 200 /api/pages 970.084µs
[ACCESS] 2025/12/14 15:07:59 ::1 GET 200 /api/pages/00-dummy 2.638541ms
[ACCESS] 2025/12/14 15:07:59 ::1 GET 200 /api/pages/00-dummy 1.35425ms
[ACCESS] 2025/12/14 15:08:00 ::1 GET 200 /api/pages/00-dummy 1.319958ms
[ACCESS] 2025/12/14 15:08:00 ::1 GET 200 /api/pages/00-dummy 1.126792ms
[ACCESS] 2025/12/14 15:08:30 ::1 GET 200 /api/pages/00-dummy 1.552375ms
[ACCESS] 2025/12/14 15:08:30 ::1 GET 200 /api/pages/00-dummy 2.186041ms
[ACCESS] 2025/12/14 15:08:31 ::1 GET 200 /api/pages/00-dummy 1.629792ms
[ACCESS] 2025/12/14 15:08:31 ::1 GET 200 /api/pages/00-dummy 1.590042ms
[ACCESS] 2025/12/14 15:10:14 ::1 GET 200 /api/pages/00-dummy 4.046042ms
[ACCESS] 2025/12/14 15:10:14 ::1 GET 200 /api/pages/00-dummy 956.584µs
[ACCESS] 2025/12/14 15:10:22 ::1 GET 200 /api/pages/00-dummy 1.614542ms
[ACCESS] 2025/12/14 15:10:22 ::1 GET 200 /api/pages/00-dummy 1.14325ms
[ACCESS] 2025/12/14 15:16:15 ::1 GET 200 /api/pages 6.005334ms
[ACCESS] 2025/12/14 15:16:15 ::1 GET 200 /api/pages 810µs
[ACCESS] 2025/12/14 15:16:16 ::1 GET 404 /api/pages/00-dummy 1.949042ms
[ACCESS] 2025/12/14 15:16:16 ::1 GET 404 /api/pages/00-dummy 1.434417ms
[ACCESS] 2025/12/14 15:16:18 ::1 GET 200 /api/pages 1.681042ms
[ACCESS] 2025/12/14 15:16:18 ::1 GET 200 /api/pages 1.116375ms
[ACCESS] 2025/12/14 15:16:20 ::1 GET 404 /api/pages/00-dummy 1.560208ms
[ACCESS] 2025/12/14 15:16:20 ::1 GET 404 /api/pages/00-dummy 1.907791ms
[ACCESS] 2025/12/14 15:16:23 ::1 GET 200 /api/pages 2.135375ms
[ACCESS] 2025/12/14 15:16:23 ::1 GET 200 /api/pages 1.514667ms
[ACCESS] 2025/12/14 15:16:29 ::1 GET 404 /api/pages/00-dummy 1.355375ms
[ACCESS] 2025/12/14 15:16:29 ::1 GET 404 /api/pages/00-dummy 699.542µs
[ACCESS] 2025/12/14 15:25:48 ::1 GET 200 /api/pages 3.118084ms
[ACCESS] 2025/12/14 15:25:48 ::1 GET 200 /api/pages 661.625µs
[ACCESS] 2025/12/14 15:25:51 ::1 GET 404 /api/pages/00-dummy 2.459958ms
[ACCESS] 2025/12/14 15:25:51 ::1 GET 404 /api/pages/00-dummy 1.336708ms
[ACCESS] 2025/12/14 15:36:38 ::1 GET 200 /api/pages 1.992625ms
[ACCESS] 2025/12/14 15:36:38 ::1 GET 200 /api/pages 622.875µs
[ACCESS] 2025/12/14 15:36:40 ::1 GET 404 /api/pages/00-dummy 2.048667ms
[ACCESS] 2025/12/14 15:36:40 ::1 GET 404 /api/pages/00-dummy 1.283584ms
[ACCESS] 2025/12/14 15:45:32 ::1 GET 404 /api/pages/00-dummy 2.592458ms
[ACCESS] 2025/12/14 15:45:32 ::1 GET 404 /api/pages/00-dummy 1.08525ms
[ACCESS] 2025/12/14 16:22:21 ::1 GET 404 /api/pages/00-dummy 1.791083ms
[ACCESS] 2025/12/14 16:22:21 ::1 GET 404 /api/pages/00-dummy 707.5µs
[ACCESS] 2025/12/14 16:33:44 ::1 GET 404 /api/pages/00-dummy 2.966958ms
[ACCESS] 2025/12/14 16:33:44 ::1 GET 404 /api/pages/00-dummy 1.021917ms
[ACCESS] 2025/12/14 16:54:13 ::1 GET 404 /api/pages/00-dummy 1.823917ms
[ACCESS] 2025/12/14 16:54:13 ::1 GET 404 /api/pages/00-dummy 614.625µs
[ACCESS] 2025/12/14 17:09:04 ::1 GET 200 /api/pages 2.06025ms
[ACCESS] 2025/12/14 17:09:04 ::1 GET 200 /api/pages 763.792µs
[ACCESS] 2025/12/14 17:09:04 ::1 GET 404 /api/pages/00-dummy 2.6545ms
[ACCESS] 2025/12/14 17:09:04 ::1 GET 404 /api/pages/00-dummy 1.067583ms
[ACCESS] 2025/12/14 17:09:06 ::1 GET 200 /api/pages 1.139292ms
[ACCESS] 2025/12/14 17:09:06 ::1 GET 200 /api/pages 1.178667ms
