[SECURITY] 2025/12/09 01:34:12 ::1 DELETE 404 /api/pages/1
[SECURITY] 2025/12/09 01:34:34 ::1 GET 404 /api/unknown
[SECURITY] 2025/12/09 01:34:45 ::1 PUT 400 /api/pages/999
[SECURITY] 2025/12/14 11:43:55 ::1 OPTIONS 404 /api/pages
[SECURITY] 2025/12/14 14:42:51 ::1 GET 404 /api/pages/4
[SECURITY] 2025/12/14 14:42:51 ::1 GET 404 /api/pages/4
[SECURITY] 2025/12/14 14:42:57 ::1 GET 404 /api/pages/2
[SECURITY] 2025/12/14 14:42:57 ::1 GET 404 /api/pages/2
[SECURITY] 2025/12/14 14:43:24 ::1 GET 404 /api/pages/2
[SECURITY] 2025/12/14 14:43:24 ::1 GET 404 /api/pages/2
[SECURITY] 2025/12/14 15:16:16 ::1 GET 404 /api/pages/00-dummy
[SECURITY] 2025/12/14 15:16:16 ::1 GET 404 /api/pages/00-dummy
[SECURITY] 2025/12/14 15:16:20 ::1 GET 404 /api/pages/00-dummy
[SECURITY] 2025/12/14 15:16:20 ::1 GET 404 /api/pages/00-dummy
[SECURITY] 2025/12/14 15:16:29 ::1 GET 404 /api/pages/00-dummy
[SECURITY] 2025/12/14 15:16:29 ::1 GET 404 /api/pages/00-dummy
[SECURITY] 2025/12/14 15:25:51 ::1 GET 404 /api/pages/00-dummy
[SECURITY] 2025/12/14 15:25:51 ::1 GET 404 /api/pages/00-dummy
[SECURITY] 2025/12/14 15:36:40 ::1 GET 404 /api/pages/00-dummy
[SECURITY] 2025/12/14 15:36:40 ::1 GET 404 /api/pages/00-dummy
[SECURITY] 2025/12/14 15:45:32 ::1 GET 404 /api/pages/00-dummy
[SECURITY] 2025/12/14 15:45:32 ::1 GET 404 /api/pages/00-dummy
[SECURITY] 2025/12/14 16:22:21 ::1 GET 404 /api/pages/00-dummy
[SECURITY] 2025/12/14 16:22:21 ::1 GET 404 /api/pages/00-dummy
[SECURITY] 2025/12/14 16:33:44 ::1 GET 404 /api/pages/00-dummy
[SECURITY] 2025/12/14 16:33:44 ::1 GET 404 /api/pages/00-dummy
[SECURITY] 2025/12/14 16:54:13 ::1 GET 404 /api/pages/00-dummy
[SECURITY] 2025/12/14 16:54:13 ::1 GET 404 /api/pages/00-dummy
[SECURITY] 2025/12/14 17:09:04 ::1 GET 404 /api/pages/00-dummy
[SECURITY] 2025/12/14 17:09:04 ::1 GET 404 /api/pages/00-dummy
